<?xml version="1.0" encoding="UTF-8"?>
<!-- Generated by org.testng.reporters.JUnitXMLReporter -->
<testsuite ignored="0" hostname="DESKTOP-57C5M3I" failures="0" tests="5" name="Test" time="0.047" errors="0" timestamp="2021-07-26T13:55:45 EDT">
  <testcase classname="testNgFramework.TF01_TestNgTestCaseDemo1" name="test1" time="0.004"/>
  <testcase classname="testNgFramework.TF03_TestNgTestCaseDemo3" name="test4" time="0.004"/>
  <testcase classname="testNgFramework.TF03_TestNgTestCaseDemo3" name="test5" time="0.007"/>
  <testcase classname="testNgFramework.TF01_TestNgTestCaseDemo1" name="test2" time="0.007"/>
  <testcase classname="testNgFramework.TF02_TestNgTestCaseDemo2" name="test3" time="0.009"/>
</testsuite> <!-- Test -->
