<?xml version="1.0" encoding="UTF-8"?>
<!-- Generated by org.testng.reporters.JUnitXMLReporter -->
<testsuite ignored="0" hostname="DESKTOP-57C5M3I" failures="0" tests="2" name="Default test" time="35.641" errors="0" timestamp="2021-07-26T14:14:12 EDT">
  <testcase classname="TestNgFrameworkWithDataProviderDemo.TestNgFrameworkWithDataProviderDemo" name="countrySearchTest" time="3.553"/>
  <testcase classname="TestNgFrameworkWithDataProviderDemo.TestNgFrameworkWithDataProviderDemo" name="countrySearchTest" time="3.842"/>
</testsuite> <!-- Default test -->
