<?xml version="1.0" encoding="UTF-8"?>
<testng-results ignored="0" total="2" passed="2" failed="0" skipped="0">
  <reporter-output>
  </reporter-output>
  <suite started-at="2021-07-26T14:13:36 EDT" name="Default suite" finished-at="2021-07-26T14:14:12 EDT" duration-ms="35641">
    <groups>
    </groups>
    <test started-at="2021-07-26T14:13:36 EDT" name="Default test" finished-at="2021-07-26T14:14:12 EDT" duration-ms="35641">
      <class name="TestNgFrameworkWithDataProviderDemo.TestNgFrameworkWithDataProviderDemo">
        <test-method is-config="true" signature="beforeClass()[pri:0, instance:TestNgFrameworkWithDataProviderDemo.TestNgFrameworkWithDataProviderDemo@63376bed]" started-at="2021-07-26T14:13:36 EDT" name="beforeClass" finished-at="2021-07-26T14:13:54 EDT" duration-ms="17997" status="PASS">
          <reporter-output>
          </reporter-output>
        </test-method> <!-- beforeClass -->
        <test-method is-config="true" signature="beforeMethod()[pri:0, instance:TestNgFrameworkWithDataProviderDemo.TestNgFrameworkWithDataProviderDemo@63376bed]" started-at="2021-07-26T14:13:54 EDT" name="beforeMethod" finished-at="2021-07-26T14:13:57 EDT" duration-ms="2943" status="PASS">
          <reporter-output>
          </reporter-output>
        </test-method> <!-- beforeMethod -->
        <test-method signature="countrySearchTest(java.lang.String)[pri:0, instance:TestNgFrameworkWithDataProviderDemo.TestNgFrameworkWithDataProviderDemo@63376bed]" started-at="2021-07-26T14:13:57 EDT" name="countrySearchTest" data-provider="data-provider" finished-at="2021-07-26T14:14:01 EDT" duration-ms="3553" status="PASS">
          <params>
            <param index="0">
              <value>
                <![CDATA[India]]>
              </value>
            </param>
          </params>
          <reporter-output>
          </reporter-output>
        </test-method> <!-- countrySearchTest -->
        <test-method is-config="true" signature="afterTest()[pri:0, instance:TestNgFrameworkWithDataProviderDemo.TestNgFrameworkWithDataProviderDemo@63376bed]" started-at="2021-07-26T14:14:01 EDT" name="afterTest" finished-at="2021-07-26T14:14:01 EDT" duration-ms="0" status="PASS">
          <reporter-output>
          </reporter-output>
        </test-method> <!-- afterTest -->
        <test-method is-config="true" signature="beforeMethod()[pri:0, instance:TestNgFrameworkWithDataProviderDemo.TestNgFrameworkWithDataProviderDemo@63376bed]" started-at="2021-07-26T14:14:01 EDT" name="beforeMethod" finished-at="2021-07-26T14:14:02 EDT" duration-ms="859" status="PASS">
          <reporter-output>
          </reporter-output>
        </test-method> <!-- beforeMethod -->
        <test-method signature="countrySearchTest(java.lang.String)[pri:0, instance:TestNgFrameworkWithDataProviderDemo.TestNgFrameworkWithDataProviderDemo@63376bed]" started-at="2021-07-26T14:14:02 EDT" name="countrySearchTest" data-provider="data-provider" finished-at="2021-07-26T14:14:06 EDT" duration-ms="3842" status="PASS">
          <params>
            <param index="0">
              <value>
                <![CDATA[Canada]]>
              </value>
            </param>
          </params>
          <reporter-output>
          </reporter-output>
        </test-method> <!-- countrySearchTest -->
        <test-method is-config="true" signature="afterTest()[pri:0, instance:TestNgFrameworkWithDataProviderDemo.TestNgFrameworkWithDataProviderDemo@63376bed]" started-at="2021-07-26T14:14:06 EDT" name="afterTest" finished-at="2021-07-26T14:14:06 EDT" duration-ms="1" status="PASS">
          <reporter-output>
          </reporter-output>
        </test-method> <!-- afterTest -->
        <test-method is-config="true" signature="afterClass()[pri:0, instance:TestNgFrameworkWithDataProviderDemo.TestNgFrameworkWithDataProviderDemo@63376bed]" started-at="2021-07-26T14:14:06 EDT" name="afterClass" finished-at="2021-07-26T14:14:12 EDT" duration-ms="6408" status="PASS">
          <reporter-output>
          </reporter-output>
        </test-method> <!-- afterClass -->
      </class> <!-- TestNgFrameworkWithDataProviderDemo.TestNgFrameworkWithDataProviderDemo -->
    </test> <!-- Default test -->
  </suite> <!-- Default suite -->
</testng-results>
